[debug] [2020-12-30T20:56:28.545Z] ----------------------------------------------------------------------
[debug] [2020-12-30T20:56:28.546Z] Command:       /Users/mjean/.nvm/versions/node/v12.9.1/bin/node /Users/mjean/.nvm/versions/node/v12.9.1/bin/firebase emulators:start --only functions
[debug] [2020-12-30T20:56:28.547Z] CLI Version:   9.1.0
[debug] [2020-12-30T20:56:28.547Z] Platform:      darwin
[debug] [2020-12-30T20:56:28.547Z] Node Version:  v12.9.1
[debug] [2020-12-30T20:56:28.547Z] Time:          Wed Dec 30 2020 15:56:28 GMT-0500 (Eastern Standard Time)
[debug] [2020-12-30T20:56:28.547Z] ----------------------------------------------------------------------
[debug] [2020-12-30T20:56:28.547Z] 
[debug] [2020-12-30T20:56:28.553Z] > command requires scopes: ["email","openid","https://www.googleapis.com/auth/cloudplatformprojects.readonly","https://www.googleapis.com/auth/firebase","https://www.googleapis.com/auth/cloud-platform"]
[debug] [2020-12-30T20:56:28.554Z] > authorizing via signed-in user
[info] i  emulators: Starting emulators: functions {"metadata":{"emulator":{"name":"hub"},"message":"Starting emulators: functions"}}
[debug] [2020-12-30T20:56:28.569Z] [hub] writing locator at /var/folders/zl/fcxrgxsx59q3qw810bbthh_m0000gn/T/hub-stepflow-d6a02.json
[warn] ⚠  functions: The following emulators are not running, calls to these services from the Functions emulator will affect production: auth, firestore, database, hosting, pubsub {"metadata":{"emulator":{"name":"functions"},"message":"The following emulators are not running, calls to these services from the Functions emulator will affect production: \u001b[1mauth, firestore, database, hosting, pubsub\u001b[22m"}}
[info] ✔  functions: Using node@12 from host. {"metadata":{"emulator":{"name":"functions"},"message":"Using node@12 from host."}}
[debug] [2020-12-30T20:56:28.594Z] defaultcredentials: writing to file /Users/mjean/.config/firebase/michael_parachutelabs_ca_application_default_credentials.json
[debug] [2020-12-30T20:56:28.597Z] Setting GAC to /Users/mjean/.config/firebase/michael_parachutelabs_ca_application_default_credentials.json {"metadata":{"emulator":{"name":"functions"},"message":"Setting GAC to /Users/mjean/.config/firebase/michael_parachutelabs_ca_application_default_credentials.json"}}
[debug] [2020-12-30T20:56:28.860Z] Ignoring unsupported arg: auto_download {"metadata":{"emulator":{"name":"ui"},"message":"Ignoring unsupported arg: auto_download"}}
[debug] [2020-12-30T20:56:28.860Z] Ignoring unsupported arg: port {"metadata":{"emulator":{"name":"ui"},"message":"Ignoring unsupported arg: port"}}
[debug] [2020-12-30T20:56:28.860Z] Starting Emulator UI with command {"binary":"node","args":["/Users/mjean/.cache/firebase/emulators/ui-v1.4.1/server.bundle.js"],"optionalArgs":[],"joinArgs":false} {"metadata":{"emulator":{"name":"ui"},"message":"Starting Emulator UI with command {\"binary\":\"node\",\"args\":[\"/Users/mjean/.cache/firebase/emulators/ui-v1.4.1/server.bundle.js\"],\"optionalArgs\":[],\"joinArgs\":false}"}}
[info] i  ui: Emulator UI logging to ui-debug.log {"metadata":{"emulator":{"name":"ui"},"message":"Emulator UI logging to \u001b[1mui-debug.log\u001b[22m"}}
[debug] [2020-12-30T20:56:28.940Z] Web / API server started at http://localhost:4000
 {"metadata":{"emulator":{"name":"ui"},"message":"Web / API server started at http://localhost:4000\n"}}
[info] i  functions: Watching "/Users/mjean/Projects/stepflow/functions" for Cloud Functions... {"metadata":{"emulator":{"name":"functions"},"message":"Watching \"/Users/mjean/Projects/stepflow/functions\" for Cloud Functions..."}}
[debug] [2020-12-30T20:56:29.137Z] [worker-pool] addWorker(~diagnostic~) {"metadata":{"emulator":{"name":"functions"},"message":"[worker-pool] addWorker(~diagnostic~)"}}
[debug] [2020-12-30T20:56:29.138Z] [worker-pool] Adding worker with key ~diagnostic~, total=1 {"metadata":{"emulator":{"name":"functions"},"message":"[worker-pool] Adding worker with key ~diagnostic~, total=1"}}
[debug] [2020-12-30T20:56:29.138Z] [worker-pool] submitWork(triggerId=) {"metadata":{"emulator":{"name":"functions"},"message":"[worker-pool] submitWork(triggerId=)"}}
[debug] [2020-12-30T20:56:29.138Z] [worker-~diagnostic~-d5b26759-58d8-44ee-b334-1e9d1b21b80e]: Assigning socketPath: /var/folders/zl/fcxrgxsx59q3qw810bbthh_m0000gn/T/fire_emu_87195.sock {"metadata":{"emulator":{"name":"functions"},"message":"[worker-~diagnostic~-d5b26759-58d8-44ee-b334-1e9d1b21b80e]: Assigning socketPath: /var/folders/zl/fcxrgxsx59q3qw810bbthh_m0000gn/T/fire_emu_87195.sock"}}
[debug] [2020-12-30T20:56:29.139Z] [worker-~diagnostic~-d5b26759-58d8-44ee-b334-1e9d1b21b80e]: BUSY {"metadata":{"emulator":{"name":"functions"},"message":"[worker-~diagnostic~-d5b26759-58d8-44ee-b334-1e9d1b21b80e]: BUSY"}}
[debug] [2020-12-30T20:56:29.235Z] [runtime-status] [87195] Functions runtime initialized. {"cwd":"/Users/mjean/Projects/stepflow/functions","node_version":"12.9.1"} {"metadata":{"emulator":{"name":"functions"},"message":"[runtime-status] [87195] Functions runtime initialized. {\"cwd\":\"/Users/mjean/Projects/stepflow/functions\",\"node_version\":\"12.9.1\"}"}}
[debug] [2020-12-30T20:56:29.235Z] [runtime-status] [87195] Disabled runtime features: undefined {"metadata":{"emulator":{"name":"functions"},"message":"[runtime-status] [87195] Disabled runtime features: undefined"}}
[debug] [2020-12-30T20:56:29.236Z] [runtime-status] [87195] Resolved module firebase-admin {"declared":true,"installed":true,"version":"9.4.2","resolution":"/Users/mjean/Projects/stepflow/functions/node_modules/firebase-admin/lib/index.js"} {"metadata":{"emulator":{"name":"functions"},"message":"[runtime-status] [87195] Resolved module firebase-admin {\"declared\":true,\"installed\":true,\"version\":\"9.4.2\",\"resolution\":\"/Users/mjean/Projects/stepflow/functions/node_modules/firebase-admin/lib/index.js\"}"}}
[debug] [2020-12-30T20:56:29.237Z] [runtime-status] [87195] Resolved module firebase-functions {"declared":true,"installed":true,"version":"3.13.0","resolution":"/Users/mjean/Projects/stepflow/functions/node_modules/firebase-functions/lib/index.js"} {"metadata":{"emulator":{"name":"functions"},"message":"[runtime-status] [87195] Resolved module firebase-functions {\"declared\":true,\"installed\":true,\"version\":\"3.13.0\",\"resolution\":\"/Users/mjean/Projects/stepflow/functions/node_modules/firebase-functions/lib/index.js\"}"}}
[debug] [2020-12-30T20:56:29.237Z] [runtime-status] [87195] Resolved module firebase-functions {"declared":true,"installed":true,"version":"3.13.0","resolution":"/Users/mjean/Projects/stepflow/functions/node_modules/firebase-functions/lib/index.js"} {"metadata":{"emulator":{"name":"functions"},"message":"[runtime-status] [87195] Resolved module firebase-functions {\"declared\":true,\"installed\":true,\"version\":\"3.13.0\",\"resolution\":\"/Users/mjean/Projects/stepflow/functions/node_modules/firebase-functions/lib/index.js\"}"}}
[debug] [2020-12-30T20:56:29.239Z] [runtime-status] [87195] Outgoing network have been stubbed. [{"name":"http","status":"mocked"},{"name":"http","status":"mocked"},{"name":"https","status":"mocked"},{"name":"https","status":"mocked"},{"name":"net","status":"mocked"}] {"metadata":{"emulator":{"name":"functions"},"message":"[runtime-status] [87195] Outgoing network have been stubbed. [{\"name\":\"http\",\"status\":\"mocked\"},{\"name\":\"http\",\"status\":\"mocked\"},{\"name\":\"https\",\"status\":\"mocked\"},{\"name\":\"https\",\"status\":\"mocked\"},{\"name\":\"net\",\"status\":\"mocked\"}]"}}
[debug] [2020-12-30T20:56:29.239Z] [runtime-status] [87195] Resolved module firebase-functions {"declared":true,"installed":true,"version":"3.13.0","resolution":"/Users/mjean/Projects/stepflow/functions/node_modules/firebase-functions/lib/index.js"} {"metadata":{"emulator":{"name":"functions"},"message":"[runtime-status] [87195] Resolved module firebase-functions {\"declared\":true,\"installed\":true,\"version\":\"3.13.0\",\"resolution\":\"/Users/mjean/Projects/stepflow/functions/node_modules/firebase-functions/lib/index.js\"}"}}
[debug] [2020-12-30T20:56:29.258Z] [runtime-status] [87195] Checked functions.config() {"config":{}} {"metadata":{"emulator":{"name":"functions"},"message":"[runtime-status] [87195] Checked functions.config() {\"config\":{}}"}}
[debug] [2020-12-30T20:56:29.258Z] [runtime-status] [87195] firebase-functions has been stubbed. {"functionsResolution":{"declared":true,"installed":true,"version":"3.13.0","resolution":"/Users/mjean/Projects/stepflow/functions/node_modules/firebase-functions/lib/index.js"}} {"metadata":{"emulator":{"name":"functions"},"message":"[runtime-status] [87195] firebase-functions has been stubbed. {\"functionsResolution\":{\"declared\":true,\"installed\":true,\"version\":\"3.13.0\",\"resolution\":\"/Users/mjean/Projects/stepflow/functions/node_modules/firebase-functions/lib/index.js\"}}"}}
[debug] [2020-12-30T20:56:29.259Z] [runtime-status] [87195] Resolved module firebase-functions {"declared":true,"installed":true,"version":"3.13.0","resolution":"/Users/mjean/Projects/stepflow/functions/node_modules/firebase-functions/lib/index.js"} {"metadata":{"emulator":{"name":"functions"},"message":"[runtime-status] [87195] Resolved module firebase-functions {\"declared\":true,\"installed\":true,\"version\":\"3.13.0\",\"resolution\":\"/Users/mjean/Projects/stepflow/functions/node_modules/firebase-functions/lib/index.js\"}"}}
[debug] [2020-12-30T20:56:29.259Z] [runtime-status] [87195] Resolved module firebase-admin {"declared":true,"installed":true,"version":"9.4.2","resolution":"/Users/mjean/Projects/stepflow/functions/node_modules/firebase-admin/lib/index.js"} {"metadata":{"emulator":{"name":"functions"},"message":"[runtime-status] [87195] Resolved module firebase-admin {\"declared\":true,\"installed\":true,\"version\":\"9.4.2\",\"resolution\":\"/Users/mjean/Projects/stepflow/functions/node_modules/firebase-admin/lib/index.js\"}"}}
[debug] [2020-12-30T20:56:29.259Z] [runtime-status] [87195] Resolved module firebase-functions {"declared":true,"installed":true,"version":"3.13.0","resolution":"/Users/mjean/Projects/stepflow/functions/node_modules/firebase-functions/lib/index.js"} {"metadata":{"emulator":{"name":"functions"},"message":"[runtime-status] [87195] Resolved module firebase-functions {\"declared\":true,\"installed\":true,\"version\":\"3.13.0\",\"resolution\":\"/Users/mjean/Projects/stepflow/functions/node_modules/firebase-functions/lib/index.js\"}"}}
[debug] [2020-12-30T20:56:29.259Z] [runtime-status] [87195] firebase-admin has been stubbed. {"adminResolution":{"declared":true,"installed":true,"version":"9.4.2","resolution":"/Users/mjean/Projects/stepflow/functions/node_modules/firebase-admin/lib/index.js"}} {"metadata":{"emulator":{"name":"functions"},"message":"[runtime-status] [87195] firebase-admin has been stubbed. {\"adminResolution\":{\"declared\":true,\"installed\":true,\"version\":\"9.4.2\",\"resolution\":\"/Users/mjean/Projects/stepflow/functions/node_modules/firebase-admin/lib/index.js\"}}"}}
[debug] [2020-12-30T20:56:29.260Z] [runtime-status] [87195] initializeApp(DEFAULT) {"databaseURL":"https://stepflow-d6a02.firebaseio.com","storageBucket":"stepflow-d6a02.appspot.com","projectId":"stepflow-d6a02"} {"metadata":{"emulator":{"name":"functions"},"message":"[runtime-status] [87195] initializeApp(DEFAULT) {\"databaseURL\":\"https://stepflow-d6a02.firebaseio.com\",\"storageBucket\":\"stepflow-d6a02.appspot.com\",\"projectId\":\"stepflow-d6a02\"}"}}
[info] ✔  functions[helloWorld]: http function initialized (http://localhost:5001/stepflow-d6a02/us-central1/helloWorld). {"metadata":{"emulator":{"name":"functions"},"message":"\u001b[1mhttp\u001b[22m function initialized (http://localhost:5001/stepflow-d6a02/us-central1/helloWorld)."}}
[info] 
┌─────────────────────────────────────────────────────────────┐
│ ✔  All emulators ready! It is now safe to connect your app. │
│ i  View Emulator UI at http://localhost:4000                │
└─────────────────────────────────────────────────────────────┘

┌───────────┬────────────────┬─────────────────────────────────┐
│ Emulator  │ Host:Port      │ View in Emulator UI             │
├───────────┼────────────────┼─────────────────────────────────┤
│ Functions │ localhost:5001 │ http://localhost:4000/functions │
└───────────┴────────────────┴─────────────────────────────────┘
  Emulator Hub running at localhost:4400
  Other reserved ports: 4500

Issues? Report them at https://github.com/firebase/firebase-tools/issues and attach the *-debug.log files.
 
[debug] [2020-12-30T20:56:29.272Z] [worker-~diagnostic~-d5b26759-58d8-44ee-b334-1e9d1b21b80e]: IDLE {"metadata":{"emulator":{"name":"functions"},"message":"[worker-~diagnostic~-d5b26759-58d8-44ee-b334-1e9d1b21b80e]: IDLE"}}
[debug] [2020-12-30T20:57:28.815Z] Functions emulator received unknown request at path /helloWorld
[debug] [2020-12-30T20:57:55.325Z] [work-queue] {"queueLength":1,"workRunningCount":0}
[debug] [2020-12-30T20:57:55.325Z] [work-queue] {"queueLength":0,"workRunningCount":1}
[debug] [2020-12-30T20:57:55.326Z] Accepted request GET /stepflow-d6a02/us-central1/helloWorld --> helloWorld
[debug] [2020-12-30T20:57:55.332Z] [worker-pool] addWorker(helloWorld) {"metadata":{"emulator":{"name":"functions"},"message":"[worker-pool] addWorker(helloWorld)"}}
[debug] [2020-12-30T20:57:55.332Z] [worker-pool] Adding worker with key helloWorld, total=1 {"metadata":{"emulator":{"name":"functions"},"message":"[worker-pool] Adding worker with key helloWorld, total=1"}}
[debug] [2020-12-30T20:57:55.332Z] [worker-pool] submitWork(triggerId=helloWorld) {"metadata":{"emulator":{"name":"functions"},"message":"[worker-pool] submitWork(triggerId=helloWorld)"}}
[debug] [2020-12-30T20:57:55.332Z] [worker-helloWorld-d6d03797-eb93-41ab-8a90-fb02c1979968]: Assigning socketPath: /var/folders/zl/fcxrgxsx59q3qw810bbthh_m0000gn/T/fire_emu_87531.sock {"metadata":{"emulator":{"name":"functions"},"message":"[worker-helloWorld-d6d03797-eb93-41ab-8a90-fb02c1979968]: Assigning socketPath: /var/folders/zl/fcxrgxsx59q3qw810bbthh_m0000gn/T/fire_emu_87531.sock"}}
[debug] [2020-12-30T20:57:55.333Z] [worker-helloWorld-d6d03797-eb93-41ab-8a90-fb02c1979968]: BUSY {"metadata":{"emulator":{"name":"functions"},"message":"[worker-helloWorld-d6d03797-eb93-41ab-8a90-fb02c1979968]: BUSY"}}
[debug] [2020-12-30T20:57:55.437Z] [runtime-status] [87531] Functions runtime initialized. {"cwd":"/Users/mjean/Projects/stepflow/functions","node_version":"12.9.1"} {"metadata":{"emulator":{"name":"functions"},"function":{"name":"helloWorld"},"message":"[runtime-status] [87531] Functions runtime initialized. {\"cwd\":\"/Users/mjean/Projects/stepflow/functions\",\"node_version\":\"12.9.1\"}"}}
[debug] [2020-12-30T20:57:55.438Z] [runtime-status] [87531] Disabled runtime features: undefined {"metadata":{"emulator":{"name":"functions"},"function":{"name":"helloWorld"},"message":"[runtime-status] [87531] Disabled runtime features: undefined"}}
[debug] [2020-12-30T20:57:55.439Z] [runtime-status] [87531] Resolved module firebase-admin {"declared":true,"installed":true,"version":"9.4.2","resolution":"/Users/mjean/Projects/stepflow/functions/node_modules/firebase-admin/lib/index.js"} {"metadata":{"emulator":{"name":"functions"},"function":{"name":"helloWorld"},"message":"[runtime-status] [87531] Resolved module firebase-admin {\"declared\":true,\"installed\":true,\"version\":\"9.4.2\",\"resolution\":\"/Users/mjean/Projects/stepflow/functions/node_modules/firebase-admin/lib/index.js\"}"}}
[debug] [2020-12-30T20:57:55.439Z] [runtime-status] [87531] Resolved module firebase-functions {"declared":true,"installed":true,"version":"3.13.0","resolution":"/Users/mjean/Projects/stepflow/functions/node_modules/firebase-functions/lib/index.js"} {"metadata":{"emulator":{"name":"functions"},"function":{"name":"helloWorld"},"message":"[runtime-status] [87531] Resolved module firebase-functions {\"declared\":true,\"installed\":true,\"version\":\"3.13.0\",\"resolution\":\"/Users/mjean/Projects/stepflow/functions/node_modules/firebase-functions/lib/index.js\"}"}}
[debug] [2020-12-30T20:57:55.440Z] [runtime-status] [87531] Resolved module firebase-functions {"declared":true,"installed":true,"version":"3.13.0","resolution":"/Users/mjean/Projects/stepflow/functions/node_modules/firebase-functions/lib/index.js"} {"metadata":{"emulator":{"name":"functions"},"function":{"name":"helloWorld"},"message":"[runtime-status] [87531] Resolved module firebase-functions {\"declared\":true,\"installed\":true,\"version\":\"3.13.0\",\"resolution\":\"/Users/mjean/Projects/stepflow/functions/node_modules/firebase-functions/lib/index.js\"}"}}
[debug] [2020-12-30T20:57:55.442Z] [runtime-status] [87531] Outgoing network have been stubbed. [{"name":"http","status":"mocked"},{"name":"http","status":"mocked"},{"name":"https","status":"mocked"},{"name":"https","status":"mocked"},{"name":"net","status":"mocked"}] {"metadata":{"emulator":{"name":"functions"},"function":{"name":"helloWorld"},"message":"[runtime-status] [87531] Outgoing network have been stubbed. [{\"name\":\"http\",\"status\":\"mocked\"},{\"name\":\"http\",\"status\":\"mocked\"},{\"name\":\"https\",\"status\":\"mocked\"},{\"name\":\"https\",\"status\":\"mocked\"},{\"name\":\"net\",\"status\":\"mocked\"}]"}}
[debug] [2020-12-30T20:57:55.442Z] [runtime-status] [87531] Resolved module firebase-functions {"declared":true,"installed":true,"version":"3.13.0","resolution":"/Users/mjean/Projects/stepflow/functions/node_modules/firebase-functions/lib/index.js"} {"metadata":{"emulator":{"name":"functions"},"function":{"name":"helloWorld"},"message":"[runtime-status] [87531] Resolved module firebase-functions {\"declared\":true,\"installed\":true,\"version\":\"3.13.0\",\"resolution\":\"/Users/mjean/Projects/stepflow/functions/node_modules/firebase-functions/lib/index.js\"}"}}
[debug] [2020-12-30T20:57:55.460Z] [runtime-status] [87531] Checked functions.config() {"config":{}} {"metadata":{"emulator":{"name":"functions"},"function":{"name":"helloWorld"},"message":"[runtime-status] [87531] Checked functions.config() {\"config\":{}}"}}
[debug] [2020-12-30T20:57:55.460Z] [runtime-status] [87531] firebase-functions has been stubbed. {"functionsResolution":{"declared":true,"installed":true,"version":"3.13.0","resolution":"/Users/mjean/Projects/stepflow/functions/node_modules/firebase-functions/lib/index.js"}} {"metadata":{"emulator":{"name":"functions"},"function":{"name":"helloWorld"},"message":"[runtime-status] [87531] firebase-functions has been stubbed. {\"functionsResolution\":{\"declared\":true,\"installed\":true,\"version\":\"3.13.0\",\"resolution\":\"/Users/mjean/Projects/stepflow/functions/node_modules/firebase-functions/lib/index.js\"}}"}}
[debug] [2020-12-30T20:57:55.460Z] [runtime-status] [87531] Resolved module firebase-functions {"declared":true,"installed":true,"version":"3.13.0","resolution":"/Users/mjean/Projects/stepflow/functions/node_modules/firebase-functions/lib/index.js"} {"metadata":{"emulator":{"name":"functions"},"function":{"name":"helloWorld"},"message":"[runtime-status] [87531] Resolved module firebase-functions {\"declared\":true,\"installed\":true,\"version\":\"3.13.0\",\"resolution\":\"/Users/mjean/Projects/stepflow/functions/node_modules/firebase-functions/lib/index.js\"}"}}
[debug] [2020-12-30T20:57:55.461Z] [runtime-status] [87531] Resolved module firebase-admin {"declared":true,"installed":true,"version":"9.4.2","resolution":"/Users/mjean/Projects/stepflow/functions/node_modules/firebase-admin/lib/index.js"} {"metadata":{"emulator":{"name":"functions"},"function":{"name":"helloWorld"},"message":"[runtime-status] [87531] Resolved module firebase-admin {\"declared\":true,\"installed\":true,\"version\":\"9.4.2\",\"resolution\":\"/Users/mjean/Projects/stepflow/functions/node_modules/firebase-admin/lib/index.js\"}"}}
[debug] [2020-12-30T20:57:55.461Z] [runtime-status] [87531] Resolved module firebase-functions {"declared":true,"installed":true,"version":"3.13.0","resolution":"/Users/mjean/Projects/stepflow/functions/node_modules/firebase-functions/lib/index.js"} {"metadata":{"emulator":{"name":"functions"},"function":{"name":"helloWorld"},"message":"[runtime-status] [87531] Resolved module firebase-functions {\"declared\":true,\"installed\":true,\"version\":\"3.13.0\",\"resolution\":\"/Users/mjean/Projects/stepflow/functions/node_modules/firebase-functions/lib/index.js\"}"}}
[debug] [2020-12-30T20:57:55.461Z] [runtime-status] [87531] firebase-admin has been stubbed. {"adminResolution":{"declared":true,"installed":true,"version":"9.4.2","resolution":"/Users/mjean/Projects/stepflow/functions/node_modules/firebase-admin/lib/index.js"}} {"metadata":{"emulator":{"name":"functions"},"function":{"name":"helloWorld"},"message":"[runtime-status] [87531] firebase-admin has been stubbed. {\"adminResolution\":{\"declared\":true,\"installed\":true,\"version\":\"9.4.2\",\"resolution\":\"/Users/mjean/Projects/stepflow/functions/node_modules/firebase-admin/lib/index.js\"}}"}}
[debug] [2020-12-30T20:57:55.462Z] [runtime-status] [87531] initializeApp(DEFAULT) {"databaseURL":"https://stepflow-d6a02.firebaseio.com","storageBucket":"stepflow-d6a02.appspot.com","projectId":"stepflow-d6a02"} {"metadata":{"emulator":{"name":"functions"},"function":{"name":"helloWorld"},"message":"[runtime-status] [87531] initializeApp(DEFAULT) {\"databaseURL\":\"https://stepflow-d6a02.firebaseio.com\",\"storageBucket\":\"stepflow-d6a02.appspot.com\",\"projectId\":\"stepflow-d6a02\"}"}}
[debug] [2020-12-30T20:57:55.463Z] [runtime-status] [87531] Trigger "helloWorld" has been found, beginning invocation! {"metadata":{"emulator":{"name":"functions"},"function":{"name":"helloWorld"},"message":"[runtime-status] [87531] Trigger \"helloWorld\" has been found, beginning invocation!"}}
[info] i  functions: Beginning execution of "helloWorld" {"metadata":{"emulator":{"name":"functions"},"function":{"name":"helloWorld"},"message":"Beginning execution of \"helloWorld\""}}
[debug] [2020-12-30T20:57:55.464Z] [runtime-status] [87531] triggerDefinition {"httpsTrigger":{},"name":"helloWorld","entryPoint":"helloWorld"} {"metadata":{"emulator":{"name":"functions"},"function":{"name":"helloWorld"},"message":"[runtime-status] [87531] triggerDefinition {\"httpsTrigger\":{},\"name\":\"helloWorld\",\"entryPoint\":\"helloWorld\"}"}}
[debug] [2020-12-30T20:57:55.464Z] [runtime-status] [87531] Running helloWorld in mode HTTPS {"metadata":{"emulator":{"name":"functions"},"function":{"name":"helloWorld"},"message":"[runtime-status] [87531] Running helloWorld in mode HTTPS"}}
[debug] [2020-12-30T20:57:55.468Z] [runtime-status] [87531] Attempting to listen to socketPath: /var/folders/zl/fcxrgxsx59q3qw810bbthh_m0000gn/T/fire_emu_87531.sock {"metadata":{"emulator":{"name":"functions"},"function":{"name":"helloWorld"},"message":"[runtime-status] [87531] Attempting to listen to socketPath: /var/folders/zl/fcxrgxsx59q3qw810bbthh_m0000gn/T/fire_emu_87531.sock"}}
[debug] [2020-12-30T20:57:55.470Z] [functions] Runtime ready! Sending request! {"metadata":{"emulator":{"name":"functions"},"message":"[functions] Runtime ready! Sending request!"}}
[debug] [2020-12-30T20:57:55.475Z] [runtime-status] [87531] Ephemeral server handling GET request {"metadata":{"emulator":{"name":"functions"},"function":{"name":"helloWorld"},"message":"[runtime-status] [87531] Ephemeral server handling GET request"}}
[info] >  {"structuredData":true,"severity":"INFO","message":"Hello logs!"} {"user":{"structuredData":true,"severity":"INFO","message":"Hello logs!"},"metadata":{"emulator":{"name":"functions"},"function":{"name":"helloWorld"},"message":"\u001b[90m> \u001b[39m {\"structuredData\":true,\"severity\":\"INFO\",\"message\":\"Hello logs!\"}"}}
[debug] [2020-12-30T20:57:55.480Z] [runtime-status] [87531] Ephemeral server survived. {"metadata":{"emulator":{"name":"functions"},"function":{"name":"helloWorld"},"message":"[runtime-status] [87531] Ephemeral server survived."}}
[info] i  functions: Finished "helloWorld" in ~1s {"metadata":{"emulator":{"name":"functions"},"function":{"name":"helloWorld"},"message":"Finished \"helloWorld\" in ~1s"}}
[debug] [2020-12-30T20:57:55.481Z] [worker-helloWorld-d6d03797-eb93-41ab-8a90-fb02c1979968]: IDLE {"metadata":{"emulator":{"name":"functions"},"message":"[worker-helloWorld-d6d03797-eb93-41ab-8a90-fb02c1979968]: IDLE"}}
[debug] [2020-12-30T20:57:55.482Z] [work-queue] {"queueLength":0,"workRunningCount":0}
[debug] [2020-12-30T21:00:36.987Z] File /Users/mjean/Projects/stepflow/functions/lib/index.js.map changed, reloading triggers {"metadata":{"emulator":{"name":"functions"},"message":"File /Users/mjean/Projects/stepflow/functions/lib/index.js.map changed, reloading triggers"}}
[debug] [2020-12-30T21:00:36.987Z] File /Users/mjean/Projects/stepflow/functions/lib/index.js changed, reloading triggers {"metadata":{"emulator":{"name":"functions"},"message":"File /Users/mjean/Projects/stepflow/functions/lib/index.js changed, reloading triggers"}}
[debug] [2020-12-30T21:00:37.989Z] [worker-pool] Shutting down IDLE worker (~diagnostic~) {"metadata":{"emulator":{"name":"functions"},"message":"[worker-pool] Shutting down IDLE worker (~diagnostic~)"}}
[debug] [2020-12-30T21:00:37.989Z] [worker-~diagnostic~-d5b26759-58d8-44ee-b334-1e9d1b21b80e]: FINISHING {"metadata":{"emulator":{"name":"functions"},"message":"[worker-~diagnostic~-d5b26759-58d8-44ee-b334-1e9d1b21b80e]: FINISHING"}}
[debug] [2020-12-30T21:00:37.990Z] [worker-pool] Shutting down IDLE worker (helloWorld) {"metadata":{"emulator":{"name":"functions"},"message":"[worker-pool] Shutting down IDLE worker (helloWorld)"}}
[debug] [2020-12-30T21:00:37.990Z] [worker-helloWorld-d6d03797-eb93-41ab-8a90-fb02c1979968]: FINISHING {"metadata":{"emulator":{"name":"functions"},"message":"[worker-helloWorld-d6d03797-eb93-41ab-8a90-fb02c1979968]: FINISHING"}}
[debug] [2020-12-30T21:00:37.994Z] [worker-pool] addWorker(~diagnostic~) {"metadata":{"emulator":{"name":"functions"},"message":"[worker-pool] addWorker(~diagnostic~)"}}
[debug] [2020-12-30T21:00:37.994Z] [worker-pool] Adding worker with key ~diagnostic~, total=2 {"metadata":{"emulator":{"name":"functions"},"message":"[worker-pool] Adding worker with key ~diagnostic~, total=2"}}
[debug] [2020-12-30T21:00:37.994Z] [worker-pool] submitWork(triggerId=) {"metadata":{"emulator":{"name":"functions"},"message":"[worker-pool] submitWork(triggerId=)"}}
[debug] [2020-12-30T21:00:37.995Z] [worker-~diagnostic~-16344aeb-97c0-4fd0-a056-d49953d51ad7]: Assigning socketPath: /var/folders/zl/fcxrgxsx59q3qw810bbthh_m0000gn/T/fire_emu_87671.sock {"metadata":{"emulator":{"name":"functions"},"message":"[worker-~diagnostic~-16344aeb-97c0-4fd0-a056-d49953d51ad7]: Assigning socketPath: /var/folders/zl/fcxrgxsx59q3qw810bbthh_m0000gn/T/fire_emu_87671.sock"}}
[debug] [2020-12-30T21:00:37.995Z] [worker-~diagnostic~-16344aeb-97c0-4fd0-a056-d49953d51ad7]: BUSY {"metadata":{"emulator":{"name":"functions"},"message":"[worker-~diagnostic~-16344aeb-97c0-4fd0-a056-d49953d51ad7]: BUSY"}}
[debug] [2020-12-30T21:00:37.996Z] [worker-~diagnostic~-d5b26759-58d8-44ee-b334-1e9d1b21b80e]: exited {"metadata":{"emulator":{"name":"functions"},"message":"[worker-~diagnostic~-d5b26759-58d8-44ee-b334-1e9d1b21b80e]: exited"}}
[debug] [2020-12-30T21:00:37.996Z] [worker-~diagnostic~-d5b26759-58d8-44ee-b334-1e9d1b21b80e]: FINISHED {"metadata":{"emulator":{"name":"functions"},"message":"[worker-~diagnostic~-d5b26759-58d8-44ee-b334-1e9d1b21b80e]: FINISHED"}}
[debug] [2020-12-30T21:00:37.996Z] [worker-helloWorld-d6d03797-eb93-41ab-8a90-fb02c1979968]: exited {"metadata":{"emulator":{"name":"functions"},"message":"[worker-helloWorld-d6d03797-eb93-41ab-8a90-fb02c1979968]: exited"}}
[debug] [2020-12-30T21:00:37.996Z] [worker-helloWorld-d6d03797-eb93-41ab-8a90-fb02c1979968]: FINISHED {"metadata":{"emulator":{"name":"functions"},"message":"[worker-helloWorld-d6d03797-eb93-41ab-8a90-fb02c1979968]: FINISHED"}}
[debug] [2020-12-30T21:00:38.097Z] [runtime-status] [87671] Functions runtime initialized. {"cwd":"/Users/mjean/Projects/stepflow/functions","node_version":"12.9.1"} {"metadata":{"emulator":{"name":"functions"},"message":"[runtime-status] [87671] Functions runtime initialized. {\"cwd\":\"/Users/mjean/Projects/stepflow/functions\",\"node_version\":\"12.9.1\"}"}}
[debug] [2020-12-30T21:00:38.098Z] [runtime-status] [87671] Disabled runtime features: undefined {"metadata":{"emulator":{"name":"functions"},"message":"[runtime-status] [87671] Disabled runtime features: undefined"}}
[debug] [2020-12-30T21:00:38.099Z] [runtime-status] [87671] Resolved module firebase-admin {"declared":true,"installed":true,"version":"9.4.2","resolution":"/Users/mjean/Projects/stepflow/functions/node_modules/firebase-admin/lib/index.js"} {"metadata":{"emulator":{"name":"functions"},"message":"[runtime-status] [87671] Resolved module firebase-admin {\"declared\":true,\"installed\":true,\"version\":\"9.4.2\",\"resolution\":\"/Users/mjean/Projects/stepflow/functions/node_modules/firebase-admin/lib/index.js\"}"}}
[debug] [2020-12-30T21:00:38.100Z] [runtime-status] [87671] Resolved module firebase-functions {"declared":true,"installed":true,"version":"3.13.0","resolution":"/Users/mjean/Projects/stepflow/functions/node_modules/firebase-functions/lib/index.js"} {"metadata":{"emulator":{"name":"functions"},"message":"[runtime-status] [87671] Resolved module firebase-functions {\"declared\":true,\"installed\":true,\"version\":\"3.13.0\",\"resolution\":\"/Users/mjean/Projects/stepflow/functions/node_modules/firebase-functions/lib/index.js\"}"}}
[debug] [2020-12-30T21:00:38.100Z] [runtime-status] [87671] Resolved module firebase-functions {"declared":true,"installed":true,"version":"3.13.0","resolution":"/Users/mjean/Projects/stepflow/functions/node_modules/firebase-functions/lib/index.js"} {"metadata":{"emulator":{"name":"functions"},"message":"[runtime-status] [87671] Resolved module firebase-functions {\"declared\":true,\"installed\":true,\"version\":\"3.13.0\",\"resolution\":\"/Users/mjean/Projects/stepflow/functions/node_modules/firebase-functions/lib/index.js\"}"}}
[debug] [2020-12-30T21:00:38.102Z] [runtime-status] [87671] Outgoing network have been stubbed. [{"name":"http","status":"mocked"},{"name":"http","status":"mocked"},{"name":"https","status":"mocked"},{"name":"https","status":"mocked"},{"name":"net","status":"mocked"}] {"metadata":{"emulator":{"name":"functions"},"message":"[runtime-status] [87671] Outgoing network have been stubbed. [{\"name\":\"http\",\"status\":\"mocked\"},{\"name\":\"http\",\"status\":\"mocked\"},{\"name\":\"https\",\"status\":\"mocked\"},{\"name\":\"https\",\"status\":\"mocked\"},{\"name\":\"net\",\"status\":\"mocked\"}]"}}
[debug] [2020-12-30T21:00:38.102Z] [runtime-status] [87671] Resolved module firebase-functions {"declared":true,"installed":true,"version":"3.13.0","resolution":"/Users/mjean/Projects/stepflow/functions/node_modules/firebase-functions/lib/index.js"} {"metadata":{"emulator":{"name":"functions"},"message":"[runtime-status] [87671] Resolved module firebase-functions {\"declared\":true,\"installed\":true,\"version\":\"3.13.0\",\"resolution\":\"/Users/mjean/Projects/stepflow/functions/node_modules/firebase-functions/lib/index.js\"}"}}
[debug] [2020-12-30T21:00:38.123Z] [runtime-status] [87671] Checked functions.config() {"config":{}} {"metadata":{"emulator":{"name":"functions"},"message":"[runtime-status] [87671] Checked functions.config() {\"config\":{}}"}}
[debug] [2020-12-30T21:00:38.123Z] [runtime-status] [87671] firebase-functions has been stubbed. {"functionsResolution":{"declared":true,"installed":true,"version":"3.13.0","resolution":"/Users/mjean/Projects/stepflow/functions/node_modules/firebase-functions/lib/index.js"}} {"metadata":{"emulator":{"name":"functions"},"message":"[runtime-status] [87671] firebase-functions has been stubbed. {\"functionsResolution\":{\"declared\":true,\"installed\":true,\"version\":\"3.13.0\",\"resolution\":\"/Users/mjean/Projects/stepflow/functions/node_modules/firebase-functions/lib/index.js\"}}"}}
[debug] [2020-12-30T21:00:38.124Z] [runtime-status] [87671] Resolved module firebase-functions {"declared":true,"installed":true,"version":"3.13.0","resolution":"/Users/mjean/Projects/stepflow/functions/node_modules/firebase-functions/lib/index.js"} {"metadata":{"emulator":{"name":"functions"},"message":"[runtime-status] [87671] Resolved module firebase-functions {\"declared\":true,\"installed\":true,\"version\":\"3.13.0\",\"resolution\":\"/Users/mjean/Projects/stepflow/functions/node_modules/firebase-functions/lib/index.js\"}"}}
[debug] [2020-12-30T21:00:38.124Z] [runtime-status] [87671] Resolved module firebase-admin {"declared":true,"installed":true,"version":"9.4.2","resolution":"/Users/mjean/Projects/stepflow/functions/node_modules/firebase-admin/lib/index.js"} {"metadata":{"emulator":{"name":"functions"},"message":"[runtime-status] [87671] Resolved module firebase-admin {\"declared\":true,\"installed\":true,\"version\":\"9.4.2\",\"resolution\":\"/Users/mjean/Projects/stepflow/functions/node_modules/firebase-admin/lib/index.js\"}"}}
[debug] [2020-12-30T21:00:38.124Z] [runtime-status] [87671] Resolved module firebase-functions {"declared":true,"installed":true,"version":"3.13.0","resolution":"/Users/mjean/Projects/stepflow/functions/node_modules/firebase-functions/lib/index.js"} {"metadata":{"emulator":{"name":"functions"},"message":"[runtime-status] [87671] Resolved module firebase-functions {\"declared\":true,\"installed\":true,\"version\":\"3.13.0\",\"resolution\":\"/Users/mjean/Projects/stepflow/functions/node_modules/firebase-functions/lib/index.js\"}"}}
[debug] [2020-12-30T21:00:38.125Z] [runtime-status] [87671] firebase-admin has been stubbed. {"adminResolution":{"declared":true,"installed":true,"version":"9.4.2","resolution":"/Users/mjean/Projects/stepflow/functions/node_modules/firebase-admin/lib/index.js"}} {"metadata":{"emulator":{"name":"functions"},"message":"[runtime-status] [87671] firebase-admin has been stubbed. {\"adminResolution\":{\"declared\":true,\"installed\":true,\"version\":\"9.4.2\",\"resolution\":\"/Users/mjean/Projects/stepflow/functions/node_modules/firebase-admin/lib/index.js\"}}"}}
[debug] [2020-12-30T21:00:38.126Z] [runtime-status] [87671] initializeApp(DEFAULT) {"databaseURL":"https://stepflow-d6a02.firebaseio.com","storageBucket":"stepflow-d6a02.appspot.com","projectId":"stepflow-d6a02"} {"metadata":{"emulator":{"name":"functions"},"message":"[runtime-status] [87671] initializeApp(DEFAULT) {\"databaseURL\":\"https://stepflow-d6a02.firebaseio.com\",\"storageBucket\":\"stepflow-d6a02.appspot.com\",\"projectId\":\"stepflow-d6a02\"}"}}
[debug] [2020-12-30T21:00:38.127Z] [worker-~diagnostic~-16344aeb-97c0-4fd0-a056-d49953d51ad7]: IDLE {"metadata":{"emulator":{"name":"functions"},"message":"[worker-~diagnostic~-16344aeb-97c0-4fd0-a056-d49953d51ad7]: IDLE"}}
